<?xml version="1.0" encoding="UTF-8"?>
<!-- Generated by org.testng.reporters.JUnitXMLReporter -->
<testsuite ignored="0" hostname="DESKTOP-UOSJI6I" failures="0" tests="3" name="Default test" time="38.011" errors="0" timestamp="2023-03-19T11:07:23 IST">
  <testcase classname="com.advanced.JsonDataDrivenUserForm" name="setUpTheFormTest" time="6.221"/>
  <testcase classname="com.advanced.JsonDataDrivenUserForm" name="setUpTheFormTest" time="6.172"/>
  <testcase classname="com.advanced.JsonDataDrivenUserForm" name="setUpTheFormTest" time="6.037"/>
</testsuite> <!-- Default test -->
